<?xml version="1.0" encoding="UTF-8" ?>
<testsuites name="vitest tests" tests="2" failures="1" errors="0" time="0.0029785">
    <testsuite name="test/math.test.ts" timestamp="2026-08-08T03:41:59.367Z" hostname="deflow-fixture" tests="2" failures="1" errors="0" skipped="0" time="0.0029785">
        <testcase classname="test/math.test.ts" name="adds" time="0.000569625">
        </testcase>
        <testcase classname="test/math.test.ts" name="subtracts" time="0.001987459">
            <failure message="expected 3 to be 4 // Object.is equality" type="AssertionError">
AssertionError: expected 3 to be 4 // Object.is equality

- Expected
+ Received

- 4
+ 3

 ❯ test/math.test.ts:8:17
            </failure>
        </testcase>
    </testsuite>
</testsuites>
