{
  "numTotalTestSuites": 1,
  "numPassedTestSuites": 0,
  "numFailedTestSuites": 1,
  "numPendingTestSuites": 0,
  "numTotalTests": 2,
  "numPassedTests": 1,
  "numFailedTests": 1,
  "numPendingTests": 0,
  "numTodoTests": 0,
  "snapshot": {
    "added": 0,
    "failure": false,
    "filesAdded": 0,
    "filesRemoved": 0,
    "filesRemovedList": [],
    "filesUnmatched": 0,
    "filesUpdated": 0,
    "matched": 0,
    "total": 0,
    "unchecked": 0,
    "uncheckedKeysByFile": [],
    "unmatched": 0,
    "updated": 0,
    "didUpdate": false
  },
  "startTime": 1786160508366,
  "success": false,
  "testResults": [
    {
      "assertionResults": [
        {
          "ancestorTitles": [],
          "fullName": "adds",
          "status": "passed",
          "title": "adds",
          "duration": 0.6077499999999958,
          "failureMessages": [],
          "meta": {},
          "tags": []
        },
        {
          "ancestorTitles": [],
          "fullName": "subtracts",
          "status": "failed",
          "title": "subtracts",
          "duration": 2.678291999999999,
          "failureMessages": [
            "AssertionError: expected 3 to be 4 // Object.is equality\n    at /tmp/deflow-gate-fixture/test/math.test.ts:8:17\n    at file:///tmp/deflow-gate-fixture/node_modules/@vitest/runner/dist/chunk-artifact.js:302:11\n    at file:///tmp/deflow-gate-fixture/node_modules/@vitest/runner/dist/chunk-artifact.js:1903:26\n    at file:///tmp/deflow-gate-fixture/node_modules/@vitest/runner/dist/chunk-artifact.js:2326:20\n    at new Promise (<anonymous>)\n    at runWithCancel (file:///tmp/deflow-gate-fixture/node_modules/@vitest/runner/dist/chunk-artifact.js:2323:10)\n    at file:///tmp/deflow-gate-fixture/node_modules/@vitest/runner/dist/chunk-artifact.js:2305:20\n    at new Promise (<anonymous>)\n    at runWithTimeout (file:///tmp/deflow-gate-fixture/node_modules/@vitest/runner/dist/chunk-artifact.js:2272:10)\n    at file:///tmp/deflow-gate-fixture/node_modules/@vitest/runner/dist/chunk-artifact.js:2955:64"
          ],
          "meta": {},
          "tags": []
        }
      ],
      "startTime": 1786160508473,
      "endTime": 1786160508476.6782,
      "status": "failed",
      "message": "",
      "name": "/tmp/deflow-gate-fixture/test/math.test.ts"
    }
  ]
}
